Anderson, Anne and Lockhart, Hal	SAML 2.0 profile of XACML	OASIS, September	1.4(51)	2004	 	
Lang, Bo and Foster, Ian and Siebenlist, Frank and Ananthakrishnan, Rachana and Freeman, Tim	A multipolicy authorization framework for grid security	Network Computing and Applications, 2006. NCA 2006. Fifth IEEE International Symposium on	 	2006	269--272	
Hommel, Wolfgang	Using XACML for privacy control in SAML-based identity federations	Communications and Multimedia Security	(3677)	2005	160--169	
Anderson, Anne	XML Digital Signature profile of XACML	 	 	2004	 	
Wu, Jake and Periorellis, Panos	Authorization-Authentication Using XACML and SAML	 	 	2005	 	
Ardagna, Claudio and De Capitani di Vimercati, Sabrina and Neven, Gregory and Paraboschi, Stefano and Preiss, Franz-Stefan and Samarati, Pierangela and Verdicchio, Mario and others	Enabling privacy-preserving credential-based access control with XACML and SAML	Computer and Information Technology (CIT), 2010 IEEE 10th International Conference on	 	2010	1090--1095	
Naedele, Martin	Standards for XML and Web services security	Computer	4(36)	2003	96--98	
Lorch, Markus and Proctor, Seth and Lepro, Rebekah and Kafura, Dennis and Shah, Sumit	First experiences using XACML for access control in distributed systems	Proceedings of the 2003 ACM workshop on XML security	 	2003	25--37	
Damiani, Ernesto and di Vimercati, Sabrina De Capitani and Fugazza, Cristiano and Samarati, Pierangela	Extending policy languages to the semantic web	Web Engineering	 	2004	330--343	
Garzoglio, Gabriele and Alderman, Ian and Altunay, Mine and Ananthakrishnan, Rachana and Bester, Joe and Chadwick, Keith and Ciaschini, Vincenzo and Demchenko, Yuri and Ferraro, Andrea and Forti, Alberto and others	Definition and Implementation of a SAML-XACML Profile for Authorization Interoperability across Grid Middleware in OSG and EGEE	Journal of Grid Computing	3(7)	2009	297--307	
Lakshminarayanan, Sitaraman	Interoperable security standards for web services	IT professional	5	2010	42--47	
Lorch, Markus and Kafura, Dennis and Shah, Sumit	An XACML-based policy management and authorization service for globus resources	Proceedings of the 4th International Workshop on Grid Computing	 	2003	208	
Hughes, John and Maler, Eve	Security assertion markup language (saml) v2. 0 technical overview	OASIS SSTC Working Draft sstc-saml-tech-overview-2.0-draft-08	 	2005	29--38	
Namli, Tuncay and Dogac, Asuman	Using SAML and XACML for Web Service Security\&Privacy	 	 	2008	 	
Navarro, Guillermo and Firozabadi, Babak Sadighi and Rissanen, Erik and Borrell, Joan	Constrained delegation in XML-based access control and digital rights management standards	CNIS03, Special Session on Architectures and Languages for Digital Rights Management and Access Control	 	2003	271--276	
Nasim, Robayet and Buchegger, Sonja	XACML-Based Access Control for Decentralized Online Social Networks	Proceedings of the 2014 IEEE/ACM 7th International Conference on Utility and Cloud Computing	 	2014	671--676	
Singh, Debabrata and Gupta, Bhupendra and Acharya, BM and Hota, Sarbeswar	An authorization Framework for Grid Security using GT4	IJCSI	 	2011	310	
Ran, Chongshan and Guo, Guili	Security XACML access control model based on SOAP encapsulate	Computer Science and Service System (CSSS), 2011 International Conference on	 	2011	2543--2546	
Sinnema, Remon and Wilde, Erik	eXtensible Access Control Markup Language (XACML) XML Media Type	 	 	2013	 	
Chadwick, David W and Fatema, Kaniz	A privacy preserving authorisation system for the cloud	Journal of Computer and System Sciences	5(78)	2012	1359--1373	
Jung, Moongon and Hofer, Thomas and Dobelt, Susen and Kienesberger, Georg and Judex, Florian and Kastner, Wolfgang	Access control for a Smart Grid SOA	Internet Technology And Secured Transactions, 2012 International Conference for	 	2012	281--287	
Askoxylakis, Ioannis	Secure and Authenticated Access to LLN Resources Through Policy Constraints	Information Security Theory and Practice: 9th IFIP WG 11.2 International Conference, WISTP 2015, Heraklion, Crete, Greece, August 24-25, 2015. Proceedings	(9311)	2015	271	
Kang, Wentao and Liang, Ying	A Security Ontology with MDA for Software Development	Cyber-Enabled Distributed Computing and Knowledge Discovery (CyberC), 2013 International Conference on	 	2013	67--74	
Sher, Muhammad	SAML (Security Assertion Markup Language) Security Model for RESTful Web Services	 	 	 	 	
Jarmakiewicz, Jacek and Podlasek, Tomasz	Design and implementation of multilevel security subsystem based on XACML and WEB services	 	 	 	 	
Mohammed, Noman and Barouti, Samira and Alhadidi, Dima and Chen, Rui	Secure and Private Management of Healthcare Databases for Data Mining	Computer-Based Medical Systems (CBMS), 2015 IEEE 28th International Symposium on	 	2015	191--196	
Dubey, Sulakshana and Sen, Arun	Data Mining Based on Association Rule Privacy Preserving	Binary Journal of Data Mining \& Networking	1(5)	2015	16--21	
Shah, Alpa and Gulati, Ravi	Contemporary trends in Privacy Preserving Collaborative Data Mining-a survey	Electrical, Electronics, Signals, Communication and Optimization (EESCO), 2015 International Conference on	 	2015	1--4	
Mistry, Bhoomika R and Desai, Amish	Privacy preserving heuristic approach for association rule mining in distributed database	Innovations in Information, Embedded and Communication Systems (ICIIECS), 2015 International Conference on	 	2015	1--7	
Nikhil, R and Tikoo, Nikhil and Kurle, Sukrit and Pisupati, Hari Sravan and Prasad, GR	A Survey on Text Mining and Sentiment Analysis for Unstructured Web Data	Journal of Emerging Technologies and Innovative Research	4 (April-2015)(2)	2015	 	
Bhuyan, Hemanta Kumar and Kamila, Narendra Kumar	Privacy preserving sub-feature selection in distributed data mining	Applied Soft Computing	(36)	2015	552--569	
Chavda, Mr Mayank and Mistry, Mijalkumar	Role and Importance of Association Mining for Preserving Data	International Journal for Innovative Research in Science and Technology	7(1)	2015	1--3	
Liu, Lian	Privacy preserving data mining for numerical matrices, social networks, and big data	 	 	2015	 	
Modi, Chirag N and Patil, Ashwini R and Doshi, Nishant	An efficient approach for privacy preserving distributed mining of association rules in unsecured environment	Advances in Computing, Communications and Informatics (ICACCI), 2015 International Conference on	 	2015	753--758	
Parmar, Sheryl and Gupta, Mrs Preeti and Sharma, Ms Pallavi	A Comparative Study and Literature Survey on Privacy Preserving Data Mining Techniques	 	 	2015	 	
Chouhan, Ashish and Sinha, Poonam and Gond, Sunita	A Novel Approach of Data Sanitization using Privacy Preserving Data Mining	International Journal of Engineering Research and Technology	06, June-2015(4)	2015	 	
Prakash, M and Singaravel, G	An approach for prevention of privacy breach and information leakage in sensitive data mining	Computers \& Electrical Engineering	 	2015	 	
Indumathi, U and Meyyappan, T	Securing Big Data in Privacy Preserving Data Mining	Indian Journal of Applied Research	8(5)	2015	 	
Dubey, Brijendra Dhar and Sharman, M and Shah, Ritesh	Comparative Study of Frequent Item Set in Data Mining	IJPLA International Journal of Programming Languages and Applications, Indora, India	1(5)	2015	 	
Vinnakota, Venkata Madhavi and Krishna, Chinta Venkata Murali	A review of Data Mining Techniques Using in Big Data	IJSEAT	8(3)	2015	331--336	
Vignan¡¯s Nirula, ITW	Data Outsourcing based on Secure Association Rule Mining Processes	machine learning	3(9)	2015	 	
Lin, Jerry Chun-Wei and Wu, Tsu-Yang and Fournier-Viger, Philippe and Lin, Guo and Hong, Tzung-Pei and Pan, Jeng-Shyang	A Sanitization Approach of Privacy Preserving Utility Mining	Genetic and Evolutionary Computing	 	2015	47--57	
Rashid, Asmaa Hatem and Yasin, Norizan Binti Mohd	Privacy preserving data publishing: Review	International Journal of Physical Sciences	7(10)	2015	239--247	
Singh, Amarpreet and Bhardwaj, Vinay	A review on security in Data Mining	International Journal of Computer Science and Network Security (IJCSNS)	6(15)	2015	70	
Yun, Unil and Kim, Jiwon	A fast perturbation algorithm using tree structure for privacy preserving utility mining	Expert Systems with Applications	3(42)	2015	1149--1165	
